This file contains any messages produced by compilers while
running configure, to aid debugging if configure makes a mistake.

It was created by cbz configure 0.0.0, which was
generated by GNU Autoconf 2.68.  Invocation command line was

  $ ./configure 

## --------- ##
## Platform. ##
## --------- ##

hostname = ai-gazelle
uname -m = x86_64
uname -r = 3.2.0-37-generic
uname -s = Linux
uname -v = #58-Ubuntu SMP Thu Jan 24 15:28:10 UTC 2013

/usr/bin/uname -p = unknown
/bin/uname -X     = unknown

/bin/arch              = unknown
/usr/bin/arch -k       = unknown
/usr/convex/getsysinfo = unknown
/usr/bin/hostinfo      = unknown
/bin/machine           = unknown
/usr/bin/oslevel       = unknown
/bin/universe          = unknown

PATH: /home/ai/.virtualenvs/cbz/bin
PATH: /usr/local/heroku/bin
PATH: /usr/lib/lightdm/lightdm
PATH: /usr/local/sbin
PATH: /usr/local/bin
PATH: /usr/sbin
PATH: /usr/bin
PATH: /sbin
PATH: /bin
PATH: /usr/games
PATH: /usr/local/go/bin
PATH: /usr/local/go/bin


## ----------- ##
## Core tests. ##
## ----------- ##

configure:2132: checking for a BSD-compatible install
configure:2200: result: /usr/bin/install -c
configure:2211: checking whether build environment is sane
configure:2261: result: yes
configure:2402: checking for a thread-safe mkdir -p
configure:2441: result: /bin/mkdir -p
configure:2454: checking for gawk
configure:2484: result: no
configure:2454: checking for mawk
configure:2470: found /usr/bin/mawk
configure:2481: result: mawk
configure:2492: checking whether make sets $(MAKE)
configure:2514: result: yes
configure:2623: checking build system type
configure:2637: result: x86_64-unknown-linux-gnu
configure:2657: checking host system type
configure:2670: result: x86_64-unknown-linux-gnu
configure:2711: checking how to print strings
configure:2738: result: printf
configure:2771: checking for style of include used by make
configure:2799: result: GNU
configure:2870: checking for gcc
configure:2886: found /usr/bin/gcc
configure:2897: result: gcc
configure:3126: checking for C compiler version
configure:3135: gcc --version >&5
gcc (Ubuntu/Linaro 4.6.3-1ubuntu5) 4.6.3
Copyright (C) 2011 Free Software Foundation, Inc.
This is free software; see the source for copying conditions.  There is NO
warranty; not even for MERCHANTABILITY or FITNESS FOR A PARTICULAR PURPOSE.

configure:3146: $? = 0
configure:3135: gcc -v >&5
Using built-in specs.
COLLECT_GCC=gcc
COLLECT_LTO_WRAPPER=/usr/lib/gcc/x86_64-linux-gnu/4.6/lto-wrapper
Target: x86_64-linux-gnu
Configured with: ../src/configure -v --with-pkgversion='Ubuntu/Linaro 4.6.3-1ubuntu5' --with-bugurl=file:///usr/share/doc/gcc-4.6/README.Bugs --enable-languages=c,c++,fortran,objc,obj-c++ --prefix=/usr --program-suffix=-4.6 --enable-shared --enable-linker-build-id --with-system-zlib --libexecdir=/usr/lib --without-included-gettext --enable-threads=posix --with-gxx-include-dir=/usr/include/c++/4.6 --libdir=/usr/lib --enable-nls --with-sysroot=/ --enable-clocale=gnu --enable-libstdcxx-debug --enable-libstdcxx-time=yes --enable-gnu-unique-object --enable-plugin --enable-objc-gc --disable-werror --with-arch-32=i686 --with-tune=generic --enable-checking=release --build=x86_64-linux-gnu --host=x86_64-linux-gnu --target=x86_64-linux-gnu
Thread model: posix
gcc version 4.6.3 (Ubuntu/Linaro 4.6.3-1ubuntu5) 
configure:3146: $? = 0
configure:3135: gcc -V >&5
gcc: error: unrecognized option '-V'
gcc: fatal error: no input files
compilation terminated.
configure:3146: $? = 4
configure:3135: gcc -qversion >&5
gcc: error: unrecognized option '-qversion'
gcc: fatal error: no input files
compilation terminated.
configure:3146: $? = 4
configure:3166: checking whether the C compiler works
configure:3188: gcc    conftest.c  >&5
configure:3192: $? = 0
configure:3240: result: yes
configure:3243: checking for C compiler default output file name
configure:3245: result: a.out
configure:3251: checking for suffix of executables
configure:3258: gcc -o conftest    conftest.c  >&5
configure:3262: $? = 0
configure:3284: result: 
configure:3306: checking whether we are cross compiling
configure:3314: gcc -o conftest    conftest.c  >&5
configure:3318: $? = 0
configure:3325: ./conftest
configure:3329: $? = 0
configure:3344: result: no
configure:3349: checking for suffix of object files
configure:3371: gcc -c   conftest.c >&5
configure:3375: $? = 0
configure:3396: result: o
configure:3400: checking whether we are using the GNU C compiler
configure:3419: gcc -c   conftest.c >&5
configure:3419: $? = 0
configure:3428: result: yes
configure:3437: checking whether gcc accepts -g
configure:3457: gcc -c -g  conftest.c >&5
configure:3457: $? = 0
configure:3498: result: yes
configure:3515: checking for gcc option to accept ISO C89
configure:3579: gcc  -c -g -O2  conftest.c >&5
configure:3579: $? = 0
configure:3592: result: none needed
configure:3614: checking dependency style of gcc
configure:3725: result: gcc3
configure:3740: checking for a sed that does not truncate output
configure:3804: result: /bin/sed
configure:3822: checking for grep that handles long lines and -e
configure:3880: result: /bin/grep
configure:3885: checking for egrep
configure:3947: result: /bin/grep -E
configure:3952: checking for fgrep
configure:4014: result: /bin/grep -F
configure:4049: checking for ld used by gcc
configure:4116: result: /usr/bin/ld
configure:4123: checking if the linker (/usr/bin/ld) is GNU ld
configure:4138: result: yes
configure:4150: checking for BSD- or MS-compatible name lister (nm)
configure:4199: result: /usr/bin/nm -B
configure:4329: checking the name lister (/usr/bin/nm -B) interface
configure:4336: gcc -c -g -O2  conftest.c >&5
configure:4339: /usr/bin/nm -B "conftest.o"
configure:4342: output
0000000000000000 B some_variable
configure:4349: result: BSD nm
configure:4352: checking whether ln -s works
configure:4356: result: yes
configure:4364: checking the maximum length of command line arguments
configure:4494: result: 1572864
configure:4511: checking whether the shell understands some XSI constructs
configure:4521: result: yes
configure:4525: checking whether the shell understands "+="
configure:4531: result: yes
configure:4566: checking how to convert x86_64-unknown-linux-gnu file names to x86_64-unknown-linux-gnu format
configure:4606: result: func_convert_file_noop
configure:4613: checking how to convert x86_64-unknown-linux-gnu file names to toolchain format
configure:4633: result: func_convert_file_noop
configure:4640: checking for /usr/bin/ld option to reload object files
configure:4647: result: -r
configure:4721: checking for objdump
configure:4737: found /usr/bin/objdump
configure:4748: result: objdump
configure:4780: checking how to recognize dependent libraries
configure:4982: result: pass_all
configure:5067: checking for dlltool
configure:5097: result: no
configure:5127: checking how to associate runtime and link libraries
configure:5154: result: printf %s\n
configure:5215: checking for ar
configure:5231: found /usr/bin/ar
configure:5242: result: ar
configure:5279: checking for archiver @FILE support
configure:5296: gcc -c -g -O2  conftest.c >&5
configure:5296: $? = 0
configure:5299: ar cru libconftest.a @conftest.lst >&5
configure:5302: $? = 0
configure:5307: ar cru libconftest.a @conftest.lst >&5
ar: conftest.o: No such file or directory
configure:5310: $? = 1
configure:5322: result: @
configure:5380: checking for strip
configure:5396: found /usr/bin/strip
configure:5407: result: strip
configure:5479: checking for ranlib
configure:5495: found /usr/bin/ranlib
configure:5506: result: ranlib
configure:5608: checking command to parse /usr/bin/nm -B output from gcc object
configure:5728: gcc -c -g -O2  conftest.c >&5
configure:5731: $? = 0
configure:5735: /usr/bin/nm -B conftest.o \| sed -n -e 's/^.*[ ]\([ABCDGIRSTW][ABCDGIRSTW]*\)[ ][ ]*\([_A-Za-z][_A-Za-z0-9]*\)$/\1 \2 \2/p' | sed '/ __gnu_lto/d' \> conftest.nm
configure:5738: $? = 0
configure:5804: gcc -o conftest -g -O2   conftest.c conftstm.o >&5
configure:5807: $? = 0
configure:5845: result: ok
configure:5882: checking for sysroot
configure:5912: result: no
configure:5989: gcc -c -g -O2  conftest.c >&5
configure:5992: $? = 0
configure:6168: checking for mt
configure:6184: found /bin/mt
configure:6195: result: mt
configure:6218: checking if mt is a manifest tool
configure:6224: mt '-?'
configure:6232: result: no
configure:6874: checking how to run the C preprocessor
configure:6905: gcc -E  conftest.c
configure:6905: $? = 0
configure:6919: gcc -E  conftest.c
conftest.c:11:28: fatal error: ac_nonexistent.h: No such file or directory
compilation terminated.
configure:6919: $? = 1
configure: failed program was:
| /* confdefs.h */
| #define PACKAGE_NAME "cbz"
| #define PACKAGE_TARNAME "cbz"
| #define PACKAGE_VERSION "0.0.0"
| #define PACKAGE_STRING "cbz 0.0.0"
| #define PACKAGE_BUGREPORT "cbz@example.com"
| #define PACKAGE_URL ""
| #define PACKAGE "cbz"
| #define VERSION "0.0.0"
| /* end confdefs.h.  */
| #include <ac_nonexistent.h>
configure:6944: result: gcc -E
configure:6964: gcc -E  conftest.c
configure:6964: $? = 0
configure:6978: gcc -E  conftest.c
conftest.c:11:28: fatal error: ac_nonexistent.h: No such file or directory
compilation terminated.
configure:6978: $? = 1
configure: failed program was:
| /* confdefs.h */
| #define PACKAGE_NAME "cbz"
| #define PACKAGE_TARNAME "cbz"
| #define PACKAGE_VERSION "0.0.0"
| #define PACKAGE_STRING "cbz 0.0.0"
| #define PACKAGE_BUGREPORT "cbz@example.com"
| #define PACKAGE_URL ""
| #define PACKAGE "cbz"
| #define VERSION "0.0.0"
| /* end confdefs.h.  */
| #include <ac_nonexistent.h>
configure:7007: checking for ANSI C header files
configure:7027: gcc -c -g -O2  conftest.c >&5
configure:7027: $? = 0
configure:7100: gcc -o conftest -g -O2   conftest.c  >&5
configure:7100: $? = 0
configure:7100: ./conftest
configure:7100: $? = 0
configure:7111: result: yes
configure:7124: checking for sys/types.h
configure:7124: gcc -c -g -O2  conftest.c >&5
configure:7124: $? = 0
configure:7124: result: yes
configure:7124: checking for sys/stat.h
configure:7124: gcc -c -g -O2  conftest.c >&5
configure:7124: $? = 0
configure:7124: result: yes
configure:7124: checking for stdlib.h
configure:7124: gcc -c -g -O2  conftest.c >&5
configure:7124: $? = 0
configure:7124: result: yes
configure:7124: checking for string.h
configure:7124: gcc -c -g -O2  conftest.c >&5
configure:7124: $? = 0
configure:7124: result: yes
configure:7124: checking for memory.h
configure:7124: gcc -c -g -O2  conftest.c >&5
configure:7124: $? = 0
configure:7124: result: yes
configure:7124: checking for strings.h
configure:7124: gcc -c -g -O2  conftest.c >&5
configure:7124: $? = 0
configure:7124: result: yes
configure:7124: checking for inttypes.h
configure:7124: gcc -c -g -O2  conftest.c >&5
configure:7124: $? = 0
configure:7124: result: yes
configure:7124: checking for stdint.h
configure:7124: gcc -c -g -O2  conftest.c >&5
configure:7124: $? = 0
configure:7124: result: yes
configure:7124: checking for unistd.h
configure:7124: gcc -c -g -O2  conftest.c >&5
configure:7124: $? = 0
configure:7124: result: yes
configure:7138: checking for dlfcn.h
configure:7138: gcc -c -g -O2  conftest.c >&5
configure:7138: $? = 0
configure:7138: result: yes
configure:7344: checking for objdir
configure:7359: result: .libs
configure:7630: checking if gcc supports -fno-rtti -fno-exceptions
configure:7648: gcc -c -g -O2  -fno-rtti -fno-exceptions conftest.c >&5
cc1: warning: command line option '-fno-rtti' is valid for C++/ObjC++ but not for C [enabled by default]
configure:7652: $? = 0
configure:7665: result: no
configure:7992: checking for gcc option to produce PIC
configure:7999: result: -fPIC -DPIC
configure:8007: checking if gcc PIC flag -fPIC -DPIC works
configure:8025: gcc -c -g -O2  -fPIC -DPIC -DPIC conftest.c >&5
configure:8029: $? = 0
configure:8042: result: yes
configure:8071: checking if gcc static flag -static works
configure:8099: result: yes
configure:8114: checking if gcc supports -c -o file.o
configure:8135: gcc -c -g -O2  -o out/conftest2.o conftest.c >&5
configure:8139: $? = 0
configure:8161: result: yes
configure:8169: checking if gcc supports -c -o file.o
configure:8216: result: yes
configure:8249: checking whether the gcc linker (/usr/bin/ld -m elf_x86_64) supports shared libraries
configure:9406: result: yes
configure:9443: checking whether -lc should be explicitly linked in
configure:9451: gcc -c -g -O2  conftest.c >&5
configure:9454: $? = 0
configure:9469: gcc -shared  -fPIC -DPIC conftest.o  -v -Wl,-soname -Wl,conftest -o conftest 2\>\&1 \| /bin/grep  -lc  \>/dev/null 2\>\&1
configure:9472: $? = 0
configure:9486: result: no
configure:9646: checking dynamic linker characteristics
configure:10157: gcc -o conftest -g -O2   -Wl,-rpath -Wl,/foo conftest.c  >&5
configure:10157: $? = 0
configure:10391: result: GNU/Linux ld.so
configure:10498: checking how to hardcode library paths into programs
configure:10523: result: immediate
configure:11063: checking whether stripping libraries is possible
configure:11068: result: yes
configure:11103: checking if libtool supports shared libraries
configure:11105: result: yes
configure:11108: checking whether to build shared libraries
configure:11129: result: yes
configure:11132: checking whether to build static libraries
configure:11136: result: yes
configure:11224: checking for gcc
configure:11251: result: gcc
configure:11480: checking for C compiler version
configure:11489: gcc --version >&5
gcc (Ubuntu/Linaro 4.6.3-1ubuntu5) 4.6.3
Copyright (C) 2011 Free Software Foundation, Inc.
This is free software; see the source for copying conditions.  There is NO
warranty; not even for MERCHANTABILITY or FITNESS FOR A PARTICULAR PURPOSE.

configure:11500: $? = 0
configure:11489: gcc -v >&5
Using built-in specs.
COLLECT_GCC=gcc
COLLECT_LTO_WRAPPER=/usr/lib/gcc/x86_64-linux-gnu/4.6/lto-wrapper
Target: x86_64-linux-gnu
Configured with: ../src/configure -v --with-pkgversion='Ubuntu/Linaro 4.6.3-1ubuntu5' --with-bugurl=file:///usr/share/doc/gcc-4.6/README.Bugs --enable-languages=c,c++,fortran,objc,obj-c++ --prefix=/usr --program-suffix=-4.6 --enable-shared --enable-linker-build-id --with-system-zlib --libexecdir=/usr/lib --without-included-gettext --enable-threads=posix --with-gxx-include-dir=/usr/include/c++/4.6 --libdir=/usr/lib --enable-nls --with-sysroot=/ --enable-clocale=gnu --enable-libstdcxx-debug --enable-libstdcxx-time=yes --enable-gnu-unique-object --enable-plugin --enable-objc-gc --disable-werror --with-arch-32=i686 --with-tune=generic --enable-checking=release --build=x86_64-linux-gnu --host=x86_64-linux-gnu --target=x86_64-linux-gnu
Thread model: posix
gcc version 4.6.3 (Ubuntu/Linaro 4.6.3-1ubuntu5) 
configure:11500: $? = 0
configure:11489: gcc -V >&5
gcc: error: unrecognized option '-V'
gcc: fatal error: no input files
compilation terminated.
configure:11500: $? = 4
configure:11489: gcc -qversion >&5
gcc: error: unrecognized option '-qversion'
gcc: fatal error: no input files
compilation terminated.
configure:11500: $? = 4
configure:11504: checking whether we are using the GNU C compiler
configure:11532: result: yes
configure:11541: checking whether gcc accepts -g
configure:11602: result: yes
configure:11619: checking for gcc option to accept ISO C89
configure:11696: result: none needed
configure:11718: checking dependency style of gcc
configure:11829: result: gcc3
configure:12029: creating ./config.status

## ---------------------- ##
## Running config.status. ##
## ---------------------- ##

This file was extended by cbz config.status 0.0.0, which was
generated by GNU Autoconf 2.68.  Invocation command line was

  CONFIG_FILES    = 
  CONFIG_HEADERS  = 
  CONFIG_LINKS    = 
  CONFIG_COMMANDS = 
  $ ./config.status 

on ai-gazelle

config.status:1014: creating Makefile
config.status:1014: creating include/Makefile
config.status:1014: creating src/Makefile
config.status:1014: creating tests/Makefile
config.status:1014: creating cbz.pc
config.status:1186: executing depfiles commands
config.status:1186: executing libtool commands

## ---------------- ##
## Cache variables. ##
## ---------------- ##

ac_cv_build=x86_64-unknown-linux-gnu
ac_cv_c_compiler_gnu=yes
ac_cv_env_CC_set=
ac_cv_env_CC_value=
ac_cv_env_CFLAGS_set=
ac_cv_env_CFLAGS_value=
ac_cv_env_CPPFLAGS_set=
ac_cv_env_CPPFLAGS_value=
ac_cv_env_CPP_set=
ac_cv_env_CPP_value=
ac_cv_env_LDFLAGS_set=
ac_cv_env_LDFLAGS_value=
ac_cv_env_LIBS_set=
ac_cv_env_LIBS_value=
ac_cv_env_build_alias_set=
ac_cv_env_build_alias_value=
ac_cv_env_host_alias_set=
ac_cv_env_host_alias_value=
ac_cv_env_target_alias_set=
ac_cv_env_target_alias_value=
ac_cv_header_dlfcn_h=yes
ac_cv_header_inttypes_h=yes
ac_cv_header_memory_h=yes
ac_cv_header_stdc=yes
ac_cv_header_stdint_h=yes
ac_cv_header_stdlib_h=yes
ac_cv_header_string_h=yes
ac_cv_header_strings_h=yes
ac_cv_header_sys_stat_h=yes
ac_cv_header_sys_types_h=yes
ac_cv_header_unistd_h=yes
ac_cv_host=x86_64-unknown-linux-gnu
ac_cv_objext=o
ac_cv_path_EGREP='/bin/grep -E'
ac_cv_path_FGREP='/bin/grep -F'
ac_cv_path_GREP=/bin/grep
ac_cv_path_SED=/bin/sed
ac_cv_path_install='/usr/bin/install -c'
ac_cv_path_mkdir=/bin/mkdir
ac_cv_prog_AWK=mawk
ac_cv_prog_CPP='gcc -E'
ac_cv_prog_ac_ct_AR=ar
ac_cv_prog_ac_ct_CC=gcc
ac_cv_prog_ac_ct_MANIFEST_TOOL=mt
ac_cv_prog_ac_ct_OBJDUMP=objdump
ac_cv_prog_ac_ct_RANLIB=ranlib
ac_cv_prog_ac_ct_STRIP=strip
ac_cv_prog_cc_c89=
ac_cv_prog_cc_g=yes
ac_cv_prog_make_make_set=yes
am_cv_CC_dependencies_compiler_type=gcc3
lt_cv_ar_at_file=@
lt_cv_archive_cmds_need_lc=no
lt_cv_deplibs_check_method=pass_all
lt_cv_file_magic_cmd='$MAGIC_CMD'
lt_cv_file_magic_test_file=
lt_cv_ld_reload_flag=-r
lt_cv_nm_interface='BSD nm'
lt_cv_objdir=.libs
lt_cv_path_LD=/usr/bin/ld
lt_cv_path_NM='/usr/bin/nm -B'
lt_cv_path_mainfest_tool=no
lt_cv_prog_compiler_c_o=yes
lt_cv_prog_compiler_pic='-fPIC -DPIC'
lt_cv_prog_compiler_pic_works=yes
lt_cv_prog_compiler_rtti_exceptions=no
lt_cv_prog_compiler_static_works=yes
lt_cv_prog_gnu_ld=yes
lt_cv_sharedlib_from_linklib_cmd='printf %s\n'
lt_cv_shlibpath_overrides_runpath=no
lt_cv_sys_global_symbol_pipe='sed -n -e '\''s/^.*[	 ]\([ABCDGIRSTW][ABCDGIRSTW]*\)[	 ][	 ]*\([_A-Za-z][_A-Za-z0-9]*\)$/\1 \2 \2/p'\'' | sed '\''/ __gnu_lto/d'\'''
lt_cv_sys_global_symbol_to_c_name_address='sed -n -e '\''s/^: \([^ ]*\)[ ]*$/  {\"\1\", (void *) 0},/p'\'' -e '\''s/^[ABCDGIRSTW]* \([^ ]*\) \([^ ]*\)$/  {"\2", (void *) \&\2},/p'\'''
lt_cv_sys_global_symbol_to_c_name_address_lib_prefix='sed -n -e '\''s/^: \([^ ]*\)[ ]*$/  {\"\1\", (void *) 0},/p'\'' -e '\''s/^[ABCDGIRSTW]* \([^ ]*\) \(lib[^ ]*\)$/  {"\2", (void *) \&\2},/p'\'' -e '\''s/^[ABCDGIRSTW]* \([^ ]*\) \([^ ]*\)$/  {"lib\2", (void *) \&\2},/p'\'''
lt_cv_sys_global_symbol_to_cdecl='sed -n -e '\''s/^T .* \(.*\)$/extern int \1();/p'\'' -e '\''s/^[ABCDGIRSTW]* .* \(.*\)$/extern char \1;/p'\'''
lt_cv_sys_max_cmd_len=1572864
lt_cv_to_host_file_cmd=func_convert_file_noop
lt_cv_to_tool_file_cmd=func_convert_file_noop

## ----------------- ##
## Output variables. ##
## ----------------- ##

ACLOCAL='${SHELL} /home/ai/code/cbz/lib/missing --run aclocal-1.11'
AMDEPBACKSLASH='\'
AMDEP_FALSE='#'
AMDEP_TRUE=''
AMTAR='$${TAR-tar}'
AR='ar'
AUTOCONF='${SHELL} /home/ai/code/cbz/lib/missing --run autoconf'
AUTOHEADER='${SHELL} /home/ai/code/cbz/lib/missing --run autoheader'
AUTOMAKE='${SHELL} /home/ai/code/cbz/lib/missing --run automake-1.11'
AWK='mawk'
CC='gcc'
CCDEPMODE='depmode=gcc3'
CFLAGS='-g -O2'
CPP='gcc -E'
CPPFLAGS=''
CYGPATH_W='echo'
DEFS='-DPACKAGE_NAME=\"cbz\" -DPACKAGE_TARNAME=\"cbz\" -DPACKAGE_VERSION=\"0.0.0\" -DPACKAGE_STRING=\"cbz\ 0.0.0\" -DPACKAGE_BUGREPORT=\"cbz@example.com\" -DPACKAGE_URL=\"\" -DPACKAGE=\"cbz\" -DVERSION=\"0.0.0\" -DSTDC_HEADERS=1 -DHAVE_SYS_TYPES_H=1 -DHAVE_SYS_STAT_H=1 -DHAVE_STDLIB_H=1 -DHAVE_STRING_H=1 -DHAVE_MEMORY_H=1 -DHAVE_STRINGS_H=1 -DHAVE_INTTYPES_H=1 -DHAVE_STDINT_H=1 -DHAVE_UNISTD_H=1 -DHAVE_DLFCN_H=1 -DLT_OBJDIR=\".libs/\"'
DEPDIR='.deps'
DLLTOOL='false'
DSYMUTIL=''
DUMPBIN=''
ECHO_C=''
ECHO_N='-n'
ECHO_T=''
EGREP='/bin/grep -E'
EXEEXT=''
FGREP='/bin/grep -F'
GREP='/bin/grep'
INSTALL_DATA='${INSTALL} -m 644'
INSTALL_PROGRAM='${INSTALL}'
INSTALL_SCRIPT='${INSTALL}'
INSTALL_STRIP_PROGRAM='$(install_sh) -c -s'
LD='/usr/bin/ld -m elf_x86_64'
LDFLAGS=''
LIBOBJS=''
LIBS=''
LIBTOOL='$(SHELL) $(top_builddir)/libtool'
LIPO=''
LN_S='ln -s'
LTLIBOBJS=''
MAKEINFO='${SHELL} /home/ai/code/cbz/lib/missing --run makeinfo'
MANIFEST_TOOL=':'
MKDIR_P='/bin/mkdir -p'
NM='/usr/bin/nm -B'
NMEDIT=''
OBJDUMP='objdump'
OBJEXT='o'
OTOOL64=''
OTOOL=''
PACKAGE='cbz'
PACKAGE_BUGREPORT='cbz@example.com'
PACKAGE_NAME='cbz'
PACKAGE_STRING='cbz 0.0.0'
PACKAGE_TARNAME='cbz'
PACKAGE_URL=''
PACKAGE_VERSION='0.0.0'
PATH_SEPARATOR=':'
RANLIB='ranlib'
SED='/bin/sed'
SET_MAKE=''
SHELL='/bin/bash'
STRIP='strip'
VERSION='0.0.0'
ac_ct_AR='ar'
ac_ct_CC='gcc'
ac_ct_DUMPBIN=''
am__EXEEXT_FALSE=''
am__EXEEXT_TRUE='#'
am__fastdepCC_FALSE='#'
am__fastdepCC_TRUE=''
am__include='include'
am__isrc=''
am__leading_dot='.'
am__nodep='_no'
am__quote=''
am__tar='$${TAR-tar} chof - "$$tardir"'
am__untar='$${TAR-tar} xf -'
bindir='${exec_prefix}/bin'
build='x86_64-unknown-linux-gnu'
build_alias=''
build_cpu='x86_64'
build_os='linux-gnu'
build_vendor='unknown'
datadir='${datarootdir}'
datarootdir='${prefix}/share'
docdir='${datarootdir}/doc/${PACKAGE_TARNAME}'
dvidir='${docdir}'
exec_prefix='${prefix}'
host='x86_64-unknown-linux-gnu'
host_alias=''
host_cpu='x86_64'
host_os='linux-gnu'
host_vendor='unknown'
htmldir='${docdir}'
includedir='${prefix}/include'
infodir='${datarootdir}/info'
install_sh='${SHELL} /home/ai/code/cbz/lib/install-sh'
libdir='${exec_prefix}/lib'
libexecdir='${exec_prefix}/libexec'
localedir='${datarootdir}/locale'
localstatedir='${prefix}/var'
mandir='${datarootdir}/man'
mkdir_p='/bin/mkdir -p'
oldincludedir='/usr/include'
pdfdir='${docdir}'
prefix='/usr/local'
program_transform_name='s,x,x,'
psdir='${docdir}'
sbindir='${exec_prefix}/sbin'
sharedstatedir='${prefix}/com'
sysconfdir='${prefix}/etc'
target_alias=''

## ----------- ##
## confdefs.h. ##
## ----------- ##

/* confdefs.h */
#define PACKAGE_NAME "cbz"
#define PACKAGE_TARNAME "cbz"
#define PACKAGE_VERSION "0.0.0"
#define PACKAGE_STRING "cbz 0.0.0"
#define PACKAGE_BUGREPORT "cbz@example.com"
#define PACKAGE_URL ""
#define PACKAGE "cbz"
#define VERSION "0.0.0"
#define STDC_HEADERS 1
#define HAVE_SYS_TYPES_H 1
#define HAVE_SYS_STAT_H 1
#define HAVE_STDLIB_H 1
#define HAVE_STRING_H 1
#define HAVE_MEMORY_H 1
#define HAVE_STRINGS_H 1
#define HAVE_INTTYPES_H 1
#define HAVE_STDINT_H 1
#define HAVE_UNISTD_H 1
#define HAVE_DLFCN_H 1
#define LT_OBJDIR ".libs/"

configure: exit 0
